<?xml version="1.0" encoding="UTF-8"?>
<testng-results ignored="0" total="1" passed="1" failed="0" skipped="0">
  <reporter-output>
  </reporter-output>
  <suite started-at="2019-10-09T20:00:02 IST" name="Default suite" finished-at="2019-10-09T20:01:35 IST" duration-ms="92817">
    <groups>
    </groups>
    <test started-at="2019-10-09T20:00:02 IST" name="Default test" finished-at="2019-10-09T20:01:35 IST" duration-ms="92817">
      <class name="com.org.MyMaven.HellowWorldTest">
        <test-method is-config="true" signature="setUp()[pri:0, instance:com.org.MyMaven.HellowWorldTest@4fe767f3]" started-at="2019-10-09T20:00:02 IST" name="setUp" finished-at="2019-10-09T20:00:08 IST" duration-ms="5675" status="PASS">
          <reporter-output>
          </reporter-output>
        </test-method> <!-- setUp -->
        <test-method signature="Test()[pri:0, instance:com.org.MyMaven.HellowWorldTest@4fe767f3]" started-at="2019-10-09T20:00:08 IST" name="Test" finished-at="2019-10-09T20:01:35 IST" duration-ms="87105" status="PASS">
          <reporter-output>
          </reporter-output>
        </test-method> <!-- Test -->
      </class> <!-- com.org.MyMaven.HellowWorldTest -->
    </test> <!-- Default test -->
  </suite> <!-- Default suite -->
</testng-results>
