<?xml version="1.0" encoding="UTF-8"?>
<testng-results ignored="0" total="1" passed="1" failed="0" skipped="0">
  <reporter-output>
  </reporter-output>
  <suite started-at="2019-10-04T14:26:09 IST" name="Default suite" finished-at="2019-10-04T14:28:25 IST" duration-ms="135955">
    <groups>
    </groups>
    <test started-at="2019-10-04T14:26:09 IST" name="Default test" finished-at="2019-10-04T14:28:25 IST" duration-ms="135955">
      <class name="com.org.MyMaven.HellowWorldTest">
        <test-method is-config="true" signature="setUp()[pri:0, instance:com.org.MyMaven.HellowWorldTest@7692d9cc]" started-at="2019-10-04T14:26:09 IST" name="setUp" finished-at="2019-10-04T14:26:15 IST" duration-ms="6039" status="PASS">
          <reporter-output>
          </reporter-output>
        </test-method> <!-- setUp -->
        <test-method signature="Test()[pri:0, instance:com.org.MyMaven.HellowWorldTest@7692d9cc]" started-at="2019-10-04T14:26:15 IST" name="Test" finished-at="2019-10-04T14:28:25 IST" duration-ms="129877" status="PASS">
          <reporter-output>
          </reporter-output>
        </test-method> <!-- Test -->
      </class> <!-- com.org.MyMaven.HellowWorldTest -->
    </test> <!-- Default test -->
  </suite> <!-- Default suite -->
</testng-results>
